{"state":"succ","paymentId":"PAY-54927414CM563634KLJSZUZA","token":"EC-68F12394NL298744G","PayerID":"XYWZDB69LKRYW"}

{"pay_code":"paypal","state":"succ","paymentId":"PAY-54927414CM563634KLJSZUZA","token":"EC-68F12394NL298744G","PayerID":"XYWZDB69LKRYW","UM_distinctid":"1609702131970e-0752cba283dc5a-61131b7e-1fa400-1609702131a8bc","PHPSESSID":"4bajerg5mr8v66jjoii8a3tgb2","is_distribut":"0","lang":"english","is_mobile":"0","CNZZDATA1255962454":"945474950-1514359771-http%3A%2F%2Fwww.walhao.com%2F|1516604977","user_id":"164012","uname":"%E9%87%91%E9%93%81%E5%86%9B","cn":"1"}


{"state":"succ","paymentId":"PAY-54927414CM563634KLJSZUZA","token":"EC-68F12394NL298744G","PayerID":"XYWZDB69LKRYW"}

{"pay_code":"paypal","state":"succ","paymentId":"PAY-54927414CM563634KLJSZUZA","token":"EC-68F12394NL298744G","PayerID":"XYWZDB69LKRYW"}


{"state":"succ","paymentId":"PAY-2AF45419D38211800LJTKZUA","token":"EC-3FT9474401946434F","PayerID":"XYWZDB69LKRYW"}

{"pay_code":"paypal","state":"succ","paymentId":"PAY-2AF45419D38211800LJTKZUA","token":"EC-3FT9474401946434F","PayerID":"XYWZDB69LKRYW","UM_distinctid":"1609702131970e-0752cba283dc5a-61131b7e-1fa400-1609702131a8bc","PHPSESSID":"equlp1qnt2vjufl3fc2r2dsfg4","lang":"english","user_id":"164012","is_distribut":"0","uname":"%E9%87%91%E9%93%81%E5%86%9B","cn":"1","is_mobile":"0","CNZZDATA1255962454":"945474950-1514359771-http%3A%2F%2Fwww.walhao.com%2F|1516680829"}


{"state":"succ","paymentId":"PAY-2AF45419D38211800LJTKZUA","token":"EC-3FT9474401946434F","PayerID":"XYWZDB69LKRYW"}

{"pay_code":"paypal","state":"succ","paymentId":"PAY-2AF45419D38211800LJTKZUA","token":"EC-3FT9474401946434F","PayerID":"XYWZDB69LKRYW"}


{"state":"succ","paymentId":"PAY-2EP57203UR635114NLJUCTWI","token":"EC-5X852853X7825445A","PayerID":"XYWZDB69LKRYW"}

{"pay_code":"paypal","state":"succ","paymentId":"PAY-2EP57203UR635114NLJUCTWI","token":"EC-5X852853X7825445A","PayerID":"XYWZDB69LKRYW","UM_distinctid":"160ba8c937335d-0b92f0cd3dbc31-2631506b-384000-160ba8c9374a82","PHPSESSID":"lgbrdrpdbr0ch6ij6uep65ue13","user_id":"227509","is_distribut":"0","uname":"test","CNZZDATA1255962454":"1755126312-1514955454-|1516772706","cn":"1","is_mobile":"0","lang":"english"}


{"state":"succ","paymentId":"PAY-1E366149K00647235LJVNK7I","token":"EC-9R498732VG920012S","PayerID":"XYWZDB69LKRYW"}

{"pay_code":"paypal","state":"succ","paymentId":"PAY-1E366149K00647235LJVNK7I","token":"EC-9R498732VG920012S","PayerID":"XYWZDB69LKRYW","UM_distinctid":"160ba8c937335d-0b92f0cd3dbc31-2631506b-384000-160ba8c9374a82","PHPSESSID":"vg2rphg3bolma6dlr296japq03","user_id":"227509","is_distribut":"0","uname":"test","cn":"1","CNZZDATA1255962454":"1907766622-1514955454-http%3A%2F%2Fwalhao.com%2F|1516946011","is_mobile":"0","lang":"english"}


{"state":"succ","paymentId":"PAY-61N89350W47336602LJVNXRA","token":"EC-9MN136039N685102V","PayerID":"YNJMDMVVE7XVU"}

{"pay_code":"paypal","state":"succ","paymentId":"PAY-61N89350W47336602LJVNXRA","token":"EC-9MN136039N685102V","PayerID":"YNJMDMVVE7XVU","UM_distinctid":"160bab230ea90f-05d00daff5cbbf-173a7640-1fa400-160bab230eb861","CNZZDATA1255962454":"2101413571-1514955454-|1516951413","PHPSESSID":"4gukd9btulmb8a5093o3635ql5","is_mobile":"0","lang":"english","user_id":"522999","is_distribut":"0","uname":"nin","cn":"0"}


{"state":"succ","paymentId":"PAY-9GH85751XH6731609LJVPZSQ","token":"EC-28M32403DL982331Y","PayerID":"XYWZDB69LKRYW"}

{"pay_code":"paypal","state":"succ","paymentId":"PAY-9GH85751XH6731609LJVPZSQ","token":"EC-28M32403DL982331Y","PayerID":"XYWZDB69LKRYW","UM_distinctid":"160ba8c937335d-0b92f0cd3dbc31-2631506b-384000-160ba8c9374a82","PHPSESSID":"lgbrdrpdbr0ch6ij6uep65ue13","CNZZDATA1255962454":"1755126312-1514955454-|1516956813","user_id":"227509","is_distribut":"0","uname":"test","cn":"1","is_mobile":"0","lang":"english"}


{"state":"succ","paymentId":"PAY-7B017896U4851383TLJXKNJQ","token":"EC-6710735804134632H","PayerID":"XYWZDB69LKRYW"}

{"pay_code":"paypal","state":"succ","paymentId":"PAY-7B017896U4851383TLJXKNJQ","token":"EC-6710735804134632H","PayerID":"XYWZDB69LKRYW","UM_distinctid":"1614039f516730-0afb31fdd22141-35437c5c-1fa400-1614039f5172e7","PHPSESSID":"kmgp4gtdbn1oll9c1k102dae83","user_id":"164012","is_distribut":"0","uname":"%E9%87%91%E9%93%81%E5%86%9B","CNZZDATA1255962454":"2079354638-1517200627-|1517200627","cn":"1","is_mobile":"0","lang":"english"}


{"state":"succ","paymentId":"PAY-7B017896U4851383TLJXKNJQ","token":"EC-6710735804134632H","PayerID":"XYWZDB69LKRYW"}

{"pay_code":"paypal","state":"succ","paymentId":"PAY-7B017896U4851383TLJXKNJQ","token":"EC-6710735804134632H","PayerID":"XYWZDB69LKRYW"}


{"state":"succ","paymentid":"pay-7b017896u4851383tljxknjq","token":"ec-6710735804134632h","payerid":"xywzdb69lkryw"}

{"pay_code":"paypal","state":"succ","paymentid":"pay-7b017896u4851383tljxknjq","token":"ec-6710735804134632h","payerid":"xywzdb69lkryw"}


{"state":"succ","paymentId":"PAY-7B017896U4851383TLJXKNJQ","token":"EC-6710735804134632H","PayerID":"XYWZDB69LKRYW"}

{"pay_code":"paypal","state":"succ","paymentId":"PAY-7B017896U4851383TLJXKNJQ","token":"EC-6710735804134632H","PayerID":"XYWZDB69LKRYW"}


{"state":"succ","paymentid":"pay-0dw21782el971003uljswxiy","token":"ec-9yl07850mh952481y","payerid":"thyca4yjlf9jc"}

{"pay_code":"paypal","state":"succ","paymentid":"pay-0dw21782el971003uljswxiy","token":"ec-9yl07850mh952481y","payerid":"thyca4yjlf9jc"}


{"state":"succ","paymentId":"PAY-4UH07604UC7763202LJX6XGY","token":"EC-98V38658W14394643","PayerID":"XSQF8PNTK7HKY"}

{"pay_code":"paypal","state":"succ","paymentId":"PAY-4UH07604UC7763202LJX6XGY","token":"EC-98V38658W14394643","PayerID":"XSQF8PNTK7HKY","UM_distinctid":"161452c818f4c4-056992231663ba-7047503f-1fa400-161452c8190c91","CNZZDATA1255962454":"377617614-1517282397-|1517282397","PHPSESSID":"narij3ilghksgjb1fa4h5dl5a4","is_mobile":"0","lang":"english","user_id":"240","is_distribut":"0","uname":"KO+YUNG+YONG","cn":"1"}


{"state":"succ","paymentId":"PAY-47B88389UL099692SLJYBY3I","token":"EC-7EU07316TR288392F","PayerID":"RXHTYJHNYGJ5Y"}

{"pay_code":"paypal","state":"succ","paymentId":"PAY-47B88389UL099692SLJYBY3I","token":"EC-7EU07316TR288392F","PayerID":"RXHTYJHNYGJ5Y","PHPSESSID":"q3q3ldlt35u71i8qsvp7qdnl72","is_mobile":"0","lang":"english","cn":"0"}


{"state":"failed","token":"EC-96Y92320GG039250M"}

{"pay_code":"paypal","state":"failed","token":"EC-96Y92320GG039250M","UM_distinctid":"161735a8dd330c-0b45905c9b0558-4323461-15f900-161735a8dd47aa","CNZZDATA1255962454":"358936738-1518056218-|1518072744","is_mobile":"0","PHPSESSID":"cp4kqo0qot84jmm2gobuv9jk86","user_id":"173","is_distribut":"0","uname":"CAI+YING+AI","lang":"kor","cn":"1"}


{"state":"failed","token":"EC-6U4490407R636831F"}

{"pay_code":"paypal","state":"failed","token":"EC-6U4490407R636831F","UM_distinctid":"161735a8dd330c-0b45905c9b0558-4323461-15f900-161735a8dd47aa","is_mobile":"0","PHPSESSID":"cp4kqo0qot84jmm2gobuv9jk86","user_id":"173","is_distribut":"0","uname":"CAI+YING+AI","lang":"kor","CNZZDATA1255962454":"358936738-1518056218-|1518078144","cn":"1"}


{"state":"succ","paymentId":"PAY-0VD03114XP827082VLJ6BQZQ","token":"EC-1X584840FP774831K","PayerID":"TQC8MFSTFMXW2"}

{"pay_code":"paypal","state":"succ","paymentId":"PAY-0VD03114XP827082VLJ6BQZQ","token":"EC-1X584840FP774831K","PayerID":"TQC8MFSTFMXW2","UM_distinctid":"160ba8c937335d-0b92f0cd3dbc31-2631506b-384000-160ba8c9374a82","PHPSESSID":"417n21a2fhs5b7tfokgcklmd52","user_id":"227509","is_distribut":"0","uname":"test","CNZZDATA1255962454":"1907766622-1514955454-http%3A%2F%2Fwalhao.com%2F|1518078144","cn":"1","is_mobile":"0","lang":"english"}


{"state":"failed","token":"EC-1W879327Y5876441F"}

{"pay_code":"paypal","state":"failed","token":"EC-1W879327Y5876441F","UM_distinctid":"1611ca1f7849ad-00ff9c6653a9aa-5d5e490e-1fa400-1611ca1f7856f3","CNZZDATA1255962454":"653512826-1516599575-|1519632174","is_mobile":"0","PHPSESSID":"dar9f189ui1bd3rk80a4s4if75","lang":"kor","user_id":"173","is_distribut":"0","uname":"CAI+YING+AI","cn":"1"}


{"state":"failed","token":"EC-6S425437B2925882C"}

{"pay_code":"paypal","state":"failed","token":"EC-6S425437B2925882C","__guid":"52611630.2078596992989048300.1516686834453.7117","UM_distinctid":"16125d39bc13a0-0a61c4104a8d7a-6b1b1279-1fa400-16125d39bc2206","PHPSESSID":"f5tot7qsaa2ks6g6jvg40i16r7","lang":"kor","user_id":"164012","is_distribut":"0","uname":"%E9%87%91%E9%93%81%E5%86%9B","CNZZDATA1255962454":"2088900983-1516761901-http%3A%2F%2Fwalhao.com.cn%2F|1519637599","cn":"5","monitor_count":"61","is_mobile":"0"}


{"state":"succ","paymentId":"PAY-0TX10502NB1060821LKJ5YUI","token":"EC-5FG273473K2102545","PayerID":"LWH3PXPNQLFTE"}

{"pay_code":"paypal","state":"succ","paymentId":"PAY-0TX10502NB1060821LKJ5YUI","token":"EC-5FG273473K2102545","PayerID":"LWH3PXPNQLFTE","UM_distinctid":"161649debb2321-08508b71ac1aa8-4323461-1fa400-161649debb3bd7","is_mobile":"0","CNZZDATA1255962454":"1554238429-1517807399-http%3A%2F%2Fwww.walhao.com%2F|1519637599","PHPSESSID":"uvnei6rn3lsijum51fd9081ks1","is_distribut":"0","lang":"kor","user_id":"5236","uname":"Park+Yun+Jeong","cn":"1"}


{"state":"succ","paymentId":"PAY-0TX10502NB1060821LKJ5YUI","token":"EC-5FG273473K2102545","PayerID":"LWH3PXPNQLFTE"}

{"pay_code":"paypal","state":"succ","paymentId":"PAY-0TX10502NB1060821LKJ5YUI","token":"EC-5FG273473K2102545","PayerID":"LWH3PXPNQLFTE","UM_distinctid":"161649debb2321-08508b71ac1aa8-4323461-1fa400-161649debb3bd7","is_mobile":"0","CNZZDATA1255962454":"1554238429-1517807399-http%3A%2F%2Fwww.walhao.com%2F|1519637599","PHPSESSID":"uvnei6rn3lsijum51fd9081ks1","is_distribut":"0","lang":"kor","user_id":"5236","uname":"Park+Yun+Jeong","cn":"1"}


{"state":"failed","token":"EC-18W34855E6721235S"}

{"pay_code":"paypal","state":"failed","token":"EC-18W34855E6721235S","PHPSESSID":"b47ui8uim103dmei5cjtbv5ih5","lang":"kor","user_id":"173","is_distribut":"0","uname":"CAI+YING+AI","cn":"1","UM_distinctid":"1616f31d0ef103-01eeb1ad77a9c1c-7a394c76-f0000-1616f31d0f11e3","CNZZDATA1255962454":"502018110-1517988426-|1519694857","is_mobile":"0"}


{"state":"failed","token":"EC-04D282846T833964G"}

{"pay_code":"paypal","state":"failed","token":"EC-04D282846T833964G","UM_distinctid":"1615a8978e543b-052c3b1eb4c0e7-454c092b-1fa400-1615a8978e63a3","PHPSESSID":"m43jb9oh1pa440otsfvuleavl1","is_mobile":"0","CNZZDATA1255962454":"219257486-1517637429-|1519700262","lang":"kor","user_id":"522999","is_distribut":"0","uname":"nin","cn":"1"}


